c:\users\kyosimoto\source\repos\yoshimoto-kouki\kinniku\kinniku\x64\release\kinniku.pch
c:\users\kyosimoto\source\repos\yoshimoto-kouki\kinniku\kinniku\x64\release\vc141.pdb
c:\users\kyosimoto\source\repos\yoshimoto-kouki\kinniku\kinniku\x64\release\stdafx.obj
c:\users\kyosimoto\source\repos\yoshimoto-kouki\kinniku\kinniku\x64\release\star.obj
c:\users\kyosimoto\source\repos\yoshimoto-kouki\kinniku\kinniku\x64\release\selecter.obj
c:\users\kyosimoto\source\repos\yoshimoto-kouki\kinniku\kinniku\x64\release\scoreui.obj
c:\users\kyosimoto\source\repos\yoshimoto-kouki\kinniku\kinniku\x64\release\scoreremnant.obj
c:\users\kyosimoto\source\repos\yoshimoto-kouki\kinniku\kinniku\x64\release\protein.obj
c:\users\kyosimoto\source\repos\yoshimoto-kouki\kinniku\kinniku\x64\release\playgame.obj
c:\users\kyosimoto\source\repos\yoshimoto-kouki\kinniku\kinniku\x64\release\player.obj
c:\users\kyosimoto\source\repos\yoshimoto-kouki\kinniku\kinniku\x64\release\ornament.obj
c:\users\kyosimoto\source\repos\yoshimoto-kouki\kinniku\kinniku\x64\release\kinniku.obj
c:\users\kyosimoto\source\repos\yoshimoto-kouki\kinniku\kinniku\x64\release\itemset.obj
c:\users\kyosimoto\source\repos\yoshimoto-kouki\kinniku\kinniku\x64\release\igamescene.obj
c:\users\kyosimoto\source\repos\yoshimoto-kouki\kinniku\kinniku\x64\release\igameobject.obj
c:\users\kyosimoto\source\repos\yoshimoto-kouki\kinniku\kinniku\x64\release\gameresult.obj
c:\users\kyosimoto\source\repos\yoshimoto-kouki\kinniku\kinniku\x64\release\gameover.obj
c:\users\kyosimoto\source\repos\yoshimoto-kouki\kinniku\kinniku\x64\release\gamedata.obj
c:\users\kyosimoto\source\repos\yoshimoto-kouki\kinniku\kinniku\x64\release\gameclear.obj
c:\users\kyosimoto\source\repos\yoshimoto-kouki\kinniku\kinniku\x64\release\ddsfunctions.obj
c:\users\kyosimoto\source\repos\yoshimoto-kouki\kinniku\kinniku\x64\release\candycane.obj
c:\users\kyosimoto\source\repos\yoshimoto-kouki\kinniku\kinniku\x64\release\boots.obj
c:\users\kyosimoto\source\repos\yoshimoto-kouki\kinniku\kinniku\x64\release\bg.obj
c:\users\kyosimoto\source\repos\yoshimoto-kouki\kinniku\kinniku\x64\release\title.obj
c:\users\kyosimoto\source\repos\yoshimoto-kouki\kinniku\kinniku\x64\release\tgafunctions.obj
c:\users\kyosimoto\source\repos\yoshimoto-kouki\kinniku\kinniku\x64\release\textureloader.obj
c:\users\kyosimoto\source\repos\yoshimoto-kouki\kinniku\kinniku\x64\release\tama.obj
c:\users\kyosimoto\source\repos\yoshimoto-kouki\kinniku\x64\release\kinniku.ipdb
c:\users\kyosimoto\source\repos\yoshimoto-kouki\kinniku\x64\release\kinniku.iobj
c:\users\kyosimoto\source\repos\yoshimoto-kouki\kinniku\kinniku\x64\release\kinniku.res
c:\users\kyosimoto\source\repos\yoshimoto-kouki\kinniku\x64\release\kinniku.pdb
c:\users\kyosimoto\source\repos\yoshimoto-kouki\kinniku\kinniku\x64\release\kinniku.tlog\cl.command.1.tlog
c:\users\kyosimoto\source\repos\yoshimoto-kouki\kinniku\kinniku\x64\release\kinniku.tlog\cl.read.1.tlog
c:\users\kyosimoto\source\repos\yoshimoto-kouki\kinniku\kinniku\x64\release\kinniku.tlog\cl.write.1.tlog
c:\users\kyosimoto\source\repos\yoshimoto-kouki\kinniku\kinniku\x64\release\kinniku.tlog\kinniku.write.1u.tlog
c:\users\kyosimoto\source\repos\yoshimoto-kouki\kinniku\kinniku\x64\release\kinniku.tlog\link.command.1.tlog
c:\users\kyosimoto\source\repos\yoshimoto-kouki\kinniku\kinniku\x64\release\kinniku.tlog\link.read.1.tlog
c:\users\kyosimoto\source\repos\yoshimoto-kouki\kinniku\kinniku\x64\release\kinniku.tlog\link.write.1.tlog
c:\users\kyosimoto\source\repos\yoshimoto-kouki\kinniku\kinniku\x64\release\kinniku.tlog\rc.command.1.tlog
c:\users\kyosimoto\source\repos\yoshimoto-kouki\kinniku\kinniku\x64\release\kinniku.tlog\rc.read.1.tlog
c:\users\kyosimoto\source\repos\yoshimoto-kouki\kinniku\kinniku\x64\release\kinniku.tlog\rc.write.1.tlog
