  ddsfunctions.cpp
c:\users\kyosimoto\source\repos\yoshimoto-kouki\kinniku\kinniku\ddsfunctions.cpp(771): warning C4018: '<': signed と unsigned の数値を比較しようとしました。
c:\users\kyosimoto\source\repos\yoshimoto-kouki\kinniku\kinniku\ddsfunctions.cpp(774): warning C4018: '<': signed と unsigned の数値を比較しようとしました。
c:\users\kyosimoto\source\repos\yoshimoto-kouki\kinniku\kinniku\ddsfunctions.cpp(792): warning C4018: '<': signed と unsigned の数値を比較しようとしました。
c:\users\kyosimoto\source\repos\yoshimoto-kouki\kinniku\kinniku\ddsfunctions.cpp(795): warning C4018: '<': signed と unsigned の数値を比較しようとしました。
c:\users\kyosimoto\source\repos\yoshimoto-kouki\kinniku\kinniku\ddsfunctions.cpp(815): warning C4018: '<': signed と unsigned の数値を比較しようとしました。
c:\users\kyosimoto\source\repos\yoshimoto-kouki\kinniku\kinniku\ddsfunctions.cpp(818): warning C4018: '<': signed と unsigned の数値を比較しようとしました。
c:\users\kyosimoto\source\repos\yoshimoto-kouki\kinniku\kinniku\ddsfunctions.cpp(838): warning C4018: '<': signed と unsigned の数値を比較しようとしました。
c:\users\kyosimoto\source\repos\yoshimoto-kouki\kinniku\kinniku\ddsfunctions.cpp(841): warning C4018: '<': signed と unsigned の数値を比較しようとしました。
c:\users\kyosimoto\source\repos\yoshimoto-kouki\kinniku\kinniku\ddsfunctions.cpp(861): warning C4102: 'ERROR_EXIT': ラベルは 1 度も参照されません。
  Selecter.cpp
  TextureLoader.cpp
c:\users\kyosimoto\source\repos\yoshimoto-kouki\kinniku\kinniku\textureloader.cpp(169): warning C4018: '<': signed と unsigned の数値を比較しようとしました。
c:\users\kyosimoto\source\repos\yoshimoto-kouki\kinniku\kinniku\textureloader.cpp(171): warning C4018: '<': signed と unsigned の数値を比較しようとしました。
c:\users\kyosimoto\source\repos\yoshimoto-kouki\kinniku\kinniku\textureloader.cpp(207): warning C4018: '<': signed と unsigned の数値を比較しようとしました。
c:\users\kyosimoto\source\repos\yoshimoto-kouki\kinniku\kinniku\textureloader.cpp(209): warning C4018: '<': signed と unsigned の数値を比較しようとしました。
  tgafunctions.cpp
  Title.cpp
  コードを生成中...
  kinniku.vcxproj -> C:\Users\kyosimoto\source\repos\yoshimoto-kouki\kinniku\x64\Debug\kinniku.exe
